#
# A fatal error has been detected by the Java Runtime Environment:
#
#  Internal Error (javaClasses.cpp:126), pid=5996, tid=5972
#  fatal error: Invalid layout of preloaded class
#
# JRE version:  (8.0_25-b18) (build )
# Java VM: Java HotSpot(TM) Client VM (25.25-b02 mixed mode windows-x86 )
# Failed to write core dump. Minidumps are not enabled by default on client versions of Windows
#
# If you would like to submit a bug report, please visit:
#   http://bugreport.sun.com/bugreport/crash.jsp
#

---------------  T H R E A D  ---------------

Current thread (0x01ecc000):  JavaThread "Unknown thread" [_thread_in_vm, id=5972, stack(0x022e0000,0x02330000)]

Stack: [0x022e0000,0x02330000],  sp=0x0232f710,  free space=317k
Native frames: (J=compiled Java code, j=interpreted, Vv=VM code, C=native code)
V  [jvm.dll+0x19796b]
V  [jvm.dll+0x1908e6]
V  [jvm.dll+0x3b4e9]
V  [jvm.dll+0x3b69e]
V  [jvm.dll+0x4a063]
V  [jvm.dll+0x9dc8e]
V  [jvm.dll+0x9df52]
V  [jvm.dll+0x145a01]
V  [jvm.dll+0x169ab8]
V  [jvm.dll+0xdaea1]
C  [javaw.exe+0x13e4]
C  [javaw.exe+0x1eb7]
C  [javaw.exe+0xaba1]
C  [javaw.exe+0xac2b]
C  [kernel32.dll+0x1338a]
C  [ntdll.dll+0x39f72]
C  [ntdll.dll+0x39f45]
C  0x00000000


---------------  P R O C E S S  ---------------

Java Threads: ( => current thread )

Other Threads:

=>0x01ecc000 (exited) JavaThread "Unknown thread" [_thread_in_vm, id=5972, stack(0x022e0000,0x02330000)]

VM state:not at safepoint (not fully initialized)

VM Mutex/Monitor currently owned by a thread: None

GC Heap History (0 events):
No events

Deoptimization events (0 events):
No events

Internal exceptions (0 events):
No events

Events (10 events):
Event: 0.307 loading class java/lang/CharSequence done
Event: 0.307 loading class java/lang/String done
Event: 0.307 loading class java/lang/Class
Event: 0.307 loading class java/lang/reflect/AnnotatedElement
Event: 0.323 loading class java/lang/reflect/AnnotatedElement done
Event: 0.323 loading class java/lang/reflect/GenericDeclaration
Event: 0.323 loading class java/lang/reflect/GenericDeclaration done
Event: 0.323 loading class java/lang/reflect/Type
Event: 0.323 loading class java/lang/reflect/Type done
Event: 0.323 loading class java/lang/Class done


Dynamic libraries:
0x00150000 - 0x00180000 	C:\Program Files (x86)\Java\jre1.8.0_25\bin\javaw.exe
0x77d30000 - 0x77eb0000 	C:\Windows\SysWOW64\ntdll.dll
0x76740000 - 0x76850000 	C:\Windows\syswow64\kernel32.dll
0x76490000 - 0x764d7000 	C:\Windows\syswow64\KERNELBASE.dll
0x77280000 - 0x77320000 	C:\Windows\syswow64\ADVAPI32.dll
0x76850000 - 0x768fc000 	C:\Windows\syswow64\msvcrt.dll
0x76b80000 - 0x76b99000 	C:\Windows\SysWOW64\sechost.dll
0x77030000 - 0x77120000 	C:\Windows\syswow64\RPCRT4.dll
0x756c0000 - 0x75720000 	C:\Windows\syswow64\SspiCli.dll
0x756b0000 - 0x756bc000 	C:\Windows\syswow64\CRYPTBASE.dll
0x75740000 - 0x75840000 	C:\Windows\syswow64\USER32.dll
0x76590000 - 0x76620000 	C:\Windows\syswow64\GDI32.dll
0x76730000 - 0x7673a000 	C:\Windows\syswow64\LPK.dll
0x76ef0000 - 0x76f8d000 	C:\Windows\syswow64\USP10.dll
0x711d0000 - 0x7136e000 	C:\Windows\WinSxS\x86_microsoft.windows.common-controls_6595b64144ccf1df_6.0.7601.17514_none_41e6975e2bd6f2b2\COMCTL32.dll
0x774c0000 - 0x77517000 	C:\Windows\syswow64\SHLWAPI.dll
0x739b0000 - 0x739fc000 	C:\Windows\system32\apphelp.dll
0x64d20000 - 0x64dad000 	C:\Windows\AppPatch\AcLayers.DLL
0x75840000 - 0x7648b000 	C:\Windows\syswow64\SHELL32.dll
0x76d90000 - 0x76eec000 	C:\Windows\syswow64\ole32.dll
0x76500000 - 0x7658f000 	C:\Windows\syswow64\OLEAUT32.dll
0x764e0000 - 0x764f7000 	C:\Windows\syswow64\USERENV.dll
0x76d80000 - 0x76d8b000 	C:\Windows\syswow64\profapi.dll
0x71b70000 - 0x71bc1000 	C:\Windows\system32\WINSPOOL.DRV
0x71c10000 - 0x71c22000 	C:\Windows\system32\MPR.dll
0x77760000 - 0x777c0000 	C:\Windows\system32\IMM32.DLL
0x76630000 - 0x766fc000 	C:\Windows\syswow64\MSCTF.dll
0x5fb40000 - 0x5fbff000 	C:\Program Files (x86)\Java\jre1.8.0_25\bin\msvcr100.dll
0x61820000 - 0x61bc4000 	C:\Program Files (x86)\Java\jre1.8.0_25\bin\client\jvm.dll
0x73c70000 - 0x73c77000 	C:\Windows\system32\WSOCK32.dll
0x76970000 - 0x769a5000 	C:\Windows\syswow64\WS2_32.dll
0x75720000 - 0x75726000 	C:\Windows\syswow64\NSI.dll
0x726e0000 - 0x72712000 	C:\Windows\system32\WINMM.dll
0x77120000 - 0x77125000 	C:\Windows\syswow64\PSAPI.DLL
0x65f10000 - 0x65f1c000 	C:\Program Files (x86)\Java\jre1.8.0_25\bin\verify.dll
0x64e10000 - 0x64e31000 	C:\Program Files (x86)\Java\jre1.8.0_25\bin\java.dll
0x657a0000 - 0x657b3000 	C:\Program Files (x86)\Java\jre1.8.0_25\bin\zip.dll
0x6fec0000 - 0x6ffab000 	C:\Windows\system32\dbghelp.dll

VM Arguments:
jvm_args: -Dfile.encoding=Cp1250 -Xbootclasspath:C:\Users\Marek\android-sdks\platforms\android-21\android.jar 
java_command: com.pz.tagandfrag.restclient.Game
java_class_path (initial): C:\Users\Marek\TagAndFrag\Android\Aplikacja\TagAndFrag\bin\classes;C:\Users\Marek\TagAndFrag\Android\Aplikacja\TagAndFrag\libs\android-support-v4.jar
Launcher Type: SUN_STANDARD

Environment Variables:
PATH=C:/Program Files (x86)/Java/jre1.8.0_25/bin/client;C:/Program Files (x86)/Java/jre1.8.0_25/bin;C:/Program Files (x86)/Java/jre1.8.0_25/lib/i386;C:\ProgramData\Oracle\Java\javapath;C:\Program Files\Common Files\Microsoft Shared\Windows Live;C:\Program Files (x86)\Common Files\Microsoft Shared\Windows Live;C:\Program Files (x86)\NVIDIA Corporation\PhysX\Common;C:\Windows\system32;C:\Windows;C:\Windows\System32\Wbem;C:\Windows\System32\WindowsPowerShell\v1.0\;C:\Program Files (x86)\EgisTec MyWinLocker\x86;C:\Program Files (x86)\EgisTec MyWinLocker\x64;C:\Program Files (x86)\Windows Live\Shared;C:\Program Files (x86)\FreeArc\bin;C:\Users\Marek\Desktop\eclipse;
USERNAME=Marek
OS=Windows_NT
PROCESSOR_IDENTIFIER=Intel64 Family 6 Model 37 Stepping 5, GenuineIntel



---------------  S Y S T E M  ---------------

OS: Windows 7 , 64 bit Build 7601 Service Pack 1

CPU:total 2 (2 cores per cpu, 1 threads per core) family 6 model 37 stepping 5, cmov, cx8, fxsr, mmx, sse, sse2, sse3, ssse3, popcnt, tsc, tscinvbit

Memory: 4k page, physical 3070676k(594328k free), swap 6139496k(2827000k free)

vm_info: Java HotSpot(TM) Client VM (25.25-b02) for windows-x86 JRE (1.8.0_25-b18), built on Oct  7 2014 14:31:05 by "java_re" with MS VC++ 10.0 (VS2010)

time: Wed Mar 18 19:03:26 2015
elapsed time: 0 seconds (0d 0h 0m 0s)

