#
# A fatal error has been detected by the Java Runtime Environment:
#
#  Internal Error (javaClasses.cpp:126), pid=4844, tid=3044
#  fatal error: Invalid layout of preloaded class
#
# JRE version:  (8.0_25-b18) (build )
# Java VM: Java HotSpot(TM) Client VM (25.25-b02 mixed mode windows-x86 )
# Failed to write core dump. Minidumps are not enabled by default on client versions of Windows
#
# If you would like to submit a bug report, please visit:
#   http://bugreport.sun.com/bugreport/crash.jsp
#

---------------  T H R E A D  ---------------

Current thread (0x001fc000):  JavaThread "Unknown thread" [_thread_in_vm, id=3044, stack(0x003e0000,0x00430000)]

Stack: [0x003e0000,0x00430000],  sp=0x0042f41c,  free space=317k
Native frames: (J=compiled Java code, j=interpreted, Vv=VM code, C=native code)
V  [jvm.dll+0x19796b]
V  [jvm.dll+0x1908e6]
V  [jvm.dll+0x3b4e9]
V  [jvm.dll+0x3b69e]
V  [jvm.dll+0x4a063]
V  [jvm.dll+0x9dc8e]
V  [jvm.dll+0x9df52]
V  [jvm.dll+0x145a01]
V  [jvm.dll+0x169ab8]
V  [jvm.dll+0xdaea1]
C  [javaw.exe+0x13e4]
C  [javaw.exe+0x1eb7]
C  [javaw.exe+0xaba1]
C  [javaw.exe+0xac2b]
C  [kernel32.dll+0x1338a]
C  [ntdll.dll+0x39f72]
C  [ntdll.dll+0x39f45]
C  0x00000000


---------------  P R O C E S S  ---------------

Java Threads: ( => current thread )

Other Threads:

=>0x001fc000 (exited) JavaThread "Unknown thread" [_thread_in_vm, id=3044, stack(0x003e0000,0x00430000)]

VM state:not at safepoint (not fully initialized)

VM Mutex/Monitor currently owned by a thread: None

GC Heap History (0 events):
No events

Deoptimization events (0 events):
No events

Internal exceptions (0 events):
No events

Events (10 events):
Event: 0.433 loading class java/lang/CharSequence done
Event: 0.433 loading class java/lang/String done
Event: 0.433 loading class java/lang/Class
Event: 0.442 loading class java/lang/reflect/AnnotatedElement
Event: 0.444 loading class java/lang/reflect/AnnotatedElement done
Event: 0.444 loading class java/lang/reflect/GenericDeclaration
Event: 0.444 loading class java/lang/reflect/GenericDeclaration done
Event: 0.444 loading class java/lang/reflect/Type
Event: 0.444 loading class java/lang/reflect/Type done
Event: 0.444 loading class java/lang/Class done


Dynamic libraries:
0x00d40000 - 0x00d70000 	C:\Program Files (x86)\Java\jre1.8.0_25\bin\javaw.exe
0x77330000 - 0x774b0000 	C:\Windows\SysWOW64\ntdll.dll
0x75410000 - 0x75520000 	C:\Windows\syswow64\kernel32.dll
0x75580000 - 0x755c7000 	C:\Windows\syswow64\KERNELBASE.dll
0x750d0000 - 0x75170000 	C:\Windows\syswow64\ADVAPI32.dll
0x769b0000 - 0x76a5c000 	C:\Windows\syswow64\msvcrt.dll
0x753f0000 - 0x75409000 	C:\Windows\SysWOW64\sechost.dll
0x76ac0000 - 0x76bb0000 	C:\Windows\syswow64\RPCRT4.dll
0x74cc0000 - 0x74d20000 	C:\Windows\syswow64\SspiCli.dll
0x74cb0000 - 0x74cbc000 	C:\Windows\syswow64\CRYPTBASE.dll
0x76e30000 - 0x76f30000 	C:\Windows\syswow64\USER32.dll
0x75280000 - 0x75310000 	C:\Windows\syswow64\GDI32.dll
0x76e20000 - 0x76e2a000 	C:\Windows\syswow64\LPK.dll
0x75a30000 - 0x75acd000 	C:\Windows\syswow64\USP10.dll
0x6f2d0000 - 0x6f46e000 	C:\Windows\WinSxS\x86_microsoft.windows.common-controls_6595b64144ccf1df_6.0.7601.17514_none_41e6975e2bd6f2b2\COMCTL32.dll
0x75520000 - 0x75577000 	C:\Windows\syswow64\SHLWAPI.dll
0x72fb0000 - 0x72ffc000 	C:\Windows\system32\apphelp.dll
0x73d40000 - 0x73dcd000 	C:\Windows\AppPatch\AcLayers.DLL
0x75c30000 - 0x7687b000 	C:\Windows\syswow64\SHELL32.dll
0x74d20000 - 0x74e7c000 	C:\Windows\syswow64\ole32.dll
0x75180000 - 0x7520f000 	C:\Windows\syswow64\OLEAUT32.dll
0x753d0000 - 0x753e7000 	C:\Windows\syswow64\USERENV.dll
0x76aa0000 - 0x76aab000 	C:\Windows\syswow64\profapi.dll
0x71310000 - 0x71361000 	C:\Windows\system32\WINSPOOL.DRV
0x707a0000 - 0x707b2000 	C:\Windows\system32\MPR.dll
0x759a0000 - 0x75a00000 	C:\Windows\system32\IMM32.DLL
0x758d0000 - 0x7599c000 	C:\Windows\syswow64\MSCTF.dll
0x70250000 - 0x7030f000 	C:\Program Files (x86)\Java\jre1.8.0_25\bin\msvcr100.dll
0x680a0000 - 0x68444000 	C:\Program Files (x86)\Java\jre1.8.0_25\bin\client\jvm.dll
0x745d0000 - 0x745d7000 	C:\Windows\system32\WSOCK32.dll
0x76a60000 - 0x76a95000 	C:\Windows\syswow64\WS2_32.dll
0x753c0000 - 0x753c6000 	C:\Windows\syswow64\NSI.dll
0x71c80000 - 0x71cb2000 	C:\Windows\system32\WINMM.dll
0x75c20000 - 0x75c25000 	C:\Windows\syswow64\PSAPI.DLL
0x74130000 - 0x7413c000 	C:\Program Files (x86)\Java\jre1.8.0_25\bin\verify.dll
0x73e30000 - 0x73e51000 	C:\Program Files (x86)\Java\jre1.8.0_25\bin\java.dll
0x74110000 - 0x74123000 	C:\Program Files (x86)\Java\jre1.8.0_25\bin\zip.dll
0x65020000 - 0x6510b000 	C:\Windows\system32\dbghelp.dll

VM Arguments:
jvm_args: -Dfile.encoding=Cp1250 -Xbootclasspath:C:\Users\Marek\android-sdks\platforms\android-21\android.jar 
java_command: com.pz.tagandfrag.restclient.Game
java_class_path (initial): C:\Users\Marek\TagAndFrag\Android\Aplikacja\TagAndFrag2\bin\classes;C:\Users\Marek\TagAndFrag\Android\Aplikacja\TagAndFrag2\libs\android-support-v4.jar
Launcher Type: SUN_STANDARD

Environment Variables:
PATH=C:/Program Files (x86)/Java/jre1.8.0_25/bin/client;C:/Program Files (x86)/Java/jre1.8.0_25/bin;C:/Program Files (x86)/Java/jre1.8.0_25/lib/i386;C:\ProgramData\Oracle\Java\javapath;C:\Program Files\Common Files\Microsoft Shared\Windows Live;C:\Program Files (x86)\Common Files\Microsoft Shared\Windows Live;C:\Program Files (x86)\NVIDIA Corporation\PhysX\Common;C:\Windows\system32;C:\Windows;C:\Windows\System32\Wbem;C:\Windows\System32\WindowsPowerShell\v1.0\;C:\Program Files (x86)\EgisTec MyWinLocker\x86;C:\Program Files (x86)\EgisTec MyWinLocker\x64;C:\Program Files (x86)\Windows Live\Shared;C:\Program Files (x86)\FreeArc\bin;C:\Users\Marek\Desktop\eclipse;
USERNAME=Marek
OS=Windows_NT
PROCESSOR_IDENTIFIER=Intel64 Family 6 Model 37 Stepping 5, GenuineIntel



---------------  S Y S T E M  ---------------

OS: Windows 7 , 64 bit Build 7601 Service Pack 1

CPU:total 2 (2 cores per cpu, 1 threads per core) family 6 model 37 stepping 5, cmov, cx8, fxsr, mmx, sse, sse2, sse3, ssse3, popcnt, tsc, tscinvbit

Memory: 4k page, physical 3070676k(1007504k free), swap 6139496k(3316168k free)

vm_info: Java HotSpot(TM) Client VM (25.25-b02) for windows-x86 JRE (1.8.0_25-b18), built on Oct  7 2014 14:31:05 by "java_re" with MS VC++ 10.0 (VS2010)

time: Fri Mar 27 06:25:00 2015
elapsed time: 0 seconds (0d 0h 0m 0s)

